<?xml version="1.0"?>
<component name="org.nuxeo.ecm.platform.faceted.search.jsf.core.types.testContrib">

  <require>org.nuxeo.ecm.platform.faceted.search.jsf.core.types</require>

  <extension target="org.nuxeo.ecm.core.schema.TypeService" point="schema">
    <schema name="faceted_search_default" src="schemas/faceted_search_default.xsd" prefix="fsd"/>
  </extension>

  <extension target="org.nuxeo.ecm.core.schema.TypeService" point="doctype">

    <doctype name="FacetedSearchDefault" extends="FacetedSearch">
      <schema name="faceted_search_default"/>
    </doctype>

  </extension>

</component>
